<?xml version="1.0" encoding="UTF-8" ?>
<testsuite tests="1" failures="0" name="com.ip.app.AppTest" time="0.003" errors="0" skipped="0">
  <properties>
    <property name="java.vendor" value="Oracle Corporation"/>
    <property name="JOB_NAME" value="zomato-ui-app"/>
    <property name="PWD" value="/home/ec2-user/jenkins_agent"/>
    <property name="sun.java.launcher" value="SUN_STANDARD"/>
    <property name="sun.management.compiler" value="HotSpot 64-Bit Tiered Compilers"/>
    <property name="JENKINS_HOME" value="/var/lib/jenkins"/>
    <property name="PATH" value="/usr/local/bin:/usr/bin"/>
    <property name="HUDSON_SERVER_COOKIE" value="01c0f4d590bed7fd"/>
    <property name="POM_ARTIFACTID" value="ui-app"/>
    <property name="os.name" value="Linux"/>
    <property name="sun.boot.class.path" value="/usr/lib/jvm/java-1.8.0-openjdk-1.8.0.252.b09-2.amzn2.0.1.x86_64/jre/lib/resources.jar:/usr/lib/jvm/java-1.8.0-openjdk-1.8.0.252.b09-2.amzn2.0.1.x86_64/jre/lib/rt.jar:/usr/lib/jvm/java-1.8.0-openjdk-1.8.0.252.b09-2.amzn2.0.1.x86_64/jre/lib/sunrsasign.jar:/usr/lib/jvm/java-1.8.0-openjdk-1.8.0.252.b09-2.amzn2.0.1.x86_64/jre/lib/jsse.jar:/usr/lib/jvm/java-1.8.0-openjdk-1.8.0.252.b09-2.amzn2.0.1.x86_64/jre/lib/jce.jar:/usr/lib/jvm/java-1.8.0-openjdk-1.8.0.252.b09-2.amzn2.0.1.x86_64/jre/lib/charsets.jar:/usr/lib/jvm/java-1.8.0-openjdk-1.8.0.252.b09-2.amzn2.0.1.x86_64/jre/lib/jfr.jar:/usr/lib/jvm/java-1.8.0-openjdk-1.8.0.252.b09-2.amzn2.0.1.x86_64/jre/classes"/>
    <property name="EXECUTOR_NUMBER" value="0"/>
    <property name="java.vm.specification.vendor" value="Oracle Corporation"/>
    <property name="POM_DISPLAYNAME" value="ui-app"/>
    <property name="XDG_RUNTIME_DIR" value="/run/user/1000"/>
    <property name="NODE_LABELS" value="Node 01 gradle_label maven_label"/>
    <property name="java.runtime.version" value="1.8.0_252-b09"/>
    <property name="user.name" value="ec2-user"/>
    <property name="SSH_CONNECTION" value="172.31.37.60 57856 172.31.40.64 22"/>
    <property name="guice.disable.misplaced.annotation.check" value="true"/>
    <property name="SSH_CLIENT" value="172.31.37.60 57856 22"/>
    <property name="user.language" value="en"/>
    <property name="JOB_BASE_NAME" value="zomato-ui-app"/>
    <property name="RUN_CHANGES_DISPLAY_URL" value="http://52.66.28.24:8080/job/zomato-ui-app/9/display/redirect?page=changes"/>
    <property name="BUILD_DISPLAY_NAME" value="#9"/>
    <property name="sun.boot.library.path" value="/usr/lib/jvm/java-1.8.0-openjdk-1.8.0.252.b09-2.amzn2.0.1.x86_64/jre/lib/amd64"/>
    <property name="GIT_PREVIOUS_SUCCESSFUL_COMMIT" value="91dea265d855f102dfa9d18a85d363c8c1766c44"/>
    <property name="java.version" value="1.8.0_252"/>
    <property name="user.timezone" value="UTC"/>
    <property name="sun.arch.data.model" value="64"/>
    <property name="NODE_NAME" value="Node 01"/>
    <property name="java.endorsed.dirs" value="/usr/lib/jvm/java-1.8.0-openjdk-1.8.0.252.b09-2.amzn2.0.1.x86_64/jre/lib/endorsed"/>
    <property name="BUILD_ID" value="9"/>
    <property name="sun.cpu.isalist" value=""/>
    <property name="sun.jnu.encoding" value="UTF-8"/>
    <property name="file.encoding.pkg" value="sun.io"/>
    <property name="SHELL" value="/bin/bash"/>
    <property name="file.separator" value="/"/>
    <property name="java.specification.name" value="Java Platform API Specification"/>
    <property name="maven.conf" value="/home/ec2-user/jenkins_agent/tools/hudson.tasks.Maven_MavenInstallation/maven-3.6.3/conf"/>
    <property name="java.class.version" value="52.0"/>
    <property name="org.slf4j.simpleLogger.defaultLogLevel" value="info"/>
    <property name="user.country" value="US"/>
    <property name="securerandom.source" value="file:/dev/./urandom"/>
    <property name="java.home" value="/usr/lib/jvm/java-1.8.0-openjdk-1.8.0.252.b09-2.amzn2.0.1.x86_64/jre"/>
    <property name="java.vm.info" value="mixed mode"/>
    <property name="LESSOPEN" value="||/usr/bin/lesspipe.sh %s"/>
    <property name="os.version" value="4.14.173-137.229.amzn2.x86_64"/>
    <property name="RUN_DISPLAY_URL" value="http://52.66.28.24:8080/job/zomato-ui-app/9/display/redirect"/>
    <property name="POM_VERSION" value="1.0-SNAPSHOT"/>
    <property name="sun.font.fontmanager" value="sun.awt.X11FontManager"/>
    <property name="path.separator" value=":"/>
    <property name="java.vm.version" value="25.252-b09"/>
    <property name="GIT_PREVIOUS_COMMIT" value="91dea265d855f102dfa9d18a85d363c8c1766c44"/>
    <property name="JOB_DISPLAY_URL" value="http://52.66.28.24:8080/job/zomato-ui-app/display/redirect"/>
    <property name="SHLVL" value="1"/>
    <property name="_" value="/usr/bin/java"/>
    <property name="java.awt.printerjob" value="sun.print.PSPrinterJob"/>
    <property name="sun.io.unicode.encoding" value="UnicodeLittle"/>
    <property name="awt.toolkit" value="sun.awt.X11.XToolkit"/>
    <property name="LOGNAME" value="ec2-user"/>
    <property name="POM_PACKAGING" value="jar"/>
    <property name="HOME" value="/home/ec2-user"/>
    <property name="POM_GROUPID" value="com.ip.app"/>
    <property name="user.home" value="/home/ec2-user"/>
    <property name="BUILD_TAG" value="jenkins-zomato-ui-app-9"/>
    <property name="JENKINS_SERVER_COOKIE" value="01c0f4d590bed7fd"/>
    <property name="HUDSON_URL" value="http://52.66.28.24:8080/"/>
    <property name="java.specification.vendor" value="Oracle Corporation"/>
    <property name="XDG_SESSION_ID" value="24"/>
    <property name="CLASSPATH" value=""/>
    <property name="java.vendor.url" value="http://java.oracle.com/"/>
    <property name="java.library.path" value="/usr/java/packages/lib/amd64:/usr/lib64:/lib64:/lib:/usr/lib"/>
    <property name="java.vm.vendor" value="Oracle Corporation"/>
    <property name="java.runtime.name" value="OpenJDK Runtime Environment"/>
    <property name="maven.home" value="/home/ec2-user/jenkins_agent/tools/hudson.tasks.Maven_MavenInstallation/maven-3.6.3"/>
    <property name="java.class.path" value="/home/ec2-user/jenkins_agent/maven35-agent.jar:/home/ec2-user/jenkins_agent/tools/hudson.tasks.Maven_MavenInstallation/maven-3.6.3/boot/plexus-classworlds-2.6.0.jar:/home/ec2-user/jenkins_agent/tools/hudson.tasks.Maven_MavenInstallation/maven-3.6.3/conf/logging"/>
    <property name="sun.java.command" value="jenkins.maven3.agent.Maven35Main /home/ec2-user/jenkins_agent/tools/hudson.tasks.Maven_MavenInstallation/maven-3.6.3 /home/ec2-user/jenkins_agent/remoting.jar /home/ec2-user/jenkins_agent/maven35-interceptor.jar /home/ec2-user/jenkins_agent/maven3-interceptor-commons.jar 35407"/>
    <property name="java.vm.specification.name" value="Java Virtual Machine Specification"/>
    <property name="java.vm.specification.version" value="1.8"/>
    <property name="sun.os.patch.level" value="unknown"/>
    <property name="sun.cpu.endian" value="little"/>
    <property name="M2_HOME" value="/home/ec2-user/jenkins_agent/tools/hudson.tasks.Maven_MavenInstallation/maven-3.6.3"/>
    <property name="MAIL" value="/var/mail/ec2-user"/>
    <property name="java.io.tmpdir" value="/tmp"/>
    <property name="HUDSON_HOME" value="/var/lib/jenkins"/>
    <property name="PATH+MAVEN" value="/home/ec2-user/jenkins_agent/tools/hudson.tasks.Maven_MavenInstallation/maven-3.6.3/bin"/>
    <property name="BUILD_URL" value="http://52.66.28.24:8080/job/zomato-ui-app/9/"/>
    <property name="java.vendor.url.bug" value="http://bugreport.sun.com/bugreport/"/>
    <property name="OLDPWD" value="/home/ec2-user"/>
    <property name="java.awt.graphicsenv" value="sun.awt.X11GraphicsEnvironment"/>
    <property name="os.arch" value="amd64"/>
    <property name="java.ext.dirs" value="/usr/lib/jvm/java-1.8.0-openjdk-1.8.0.252.b09-2.amzn2.0.1.x86_64/jre/lib/ext:/usr/java/packages/lib/ext"/>
    <property name="user.dir" value="/home/ec2-user/jenkins_agent/workspace/zomato-ui-app"/>
    <property name="JOB_URL" value="http://52.66.28.24:8080/job/zomato-ui-app/"/>
    <property name="line.separator" value="
"/>
    <property name="MAVEN_HOME" value="/home/ec2-user/jenkins_agent/tools/hudson.tasks.Maven_MavenInstallation/maven-3.6.3"/>
    <property name="java.vm.name" value="OpenJDK 64-Bit Server VM"/>
    <property name="BUILD_NUMBER" value="9"/>
    <property name="JENKINS_URL" value="http://52.66.28.24:8080/"/>
    <property name="GIT_BRANCH" value="origin/master"/>
    <property name="GIT_COMMIT" value="91dea265d855f102dfa9d18a85d363c8c1766c44"/>
    <property name="file.encoding" value="UTF-8"/>
    <property name="LANG" value="en_US.UTF-8"/>
    <property name="maven3.interceptor" value="/home/ec2-user/jenkins_agent/maven35-interceptor.jar"/>
    <property name="WORKSPACE_TMP" value="/home/ec2-user/jenkins_agent/workspace/zomato-ui-app@tmp"/>
    <property name="WORKSPACE" value="/home/ec2-user/jenkins_agent/workspace/zomato-ui-app"/>
    <property name="maven3.interceptor.common" value="/home/ec2-user/jenkins_agent/maven3-interceptor-commons.jar"/>
    <property name="java.specification.version" value="1.8"/>
    <property name="USER" value="ec2-user"/>
    <property name="GIT_URL" value="https://github.com/zomatointellipaat/ui-app.git"/>
  </properties>
  <testcase classname="com.ip.app.AppTest" name="testApp" time="0.003"/>
</testsuite>